2025-03-07 10:01:00 | INFO | repo=course-sys-int-systems | action=pull
2025-07-23 10:02:00 | WARN | repo=course-sys-int-systems | action=commit
2025-04-16 09:51:00 | WARN | repo=course-sys-int-systems | action=test | passed=true
2025-12-05 12:09:00 | DEBUG | repo=course-sys-int-systems | action=commit
2025-02-15 08:10:00 | WARN | repo=course-sys-int-systems | action=edit | files=3
2025-07-04 21:09:00 | WARN | repo=course-sys-int-systems | action=commit
2025-07-19 09:18:00 | WARN | repo=course-sys-int-systems | action=pull
2025-02-07 07:25:00 | INFO | repo=course-sys-int-systems | action=commit
2025-10-26 08:35:00 | WARN | repo=course-sys-int-systems | action=edit | files=5
2025-05-25 16:51:00 | INFO | repo=course-sys-int-systems | action=test | passed=true
2025-02-17 12:35:00 | DEBUG | repo=course-sys-int-systems | action=commit
2025-11-02 07:28:00 | WARN | repo=course-sys-int-systems | action=commit
2025-10-05 08:34:00 | INFO | repo=course-sys-int-systems | action=commit
2025-12-24 08:56:00 | WARN | repo=course-sys-int-systems | action=commit
2025-07-08 09:15:00 | WARN | repo=course-sys-int-systems | action=commit
2025-01-14 10:20:00 | INFO | repo=course-sys-int-systems | action=commit
2025-03-26 19:32:00 | INFO | repo=course-sys-int-systems | action=commit
2025-11-11 19:20:00 | INFO | repo=course-sys-int-systems | action=commit
2025-01-22 17:31:00 | DEBUG | repo=course-sys-int-systems | action=pull
2025-02-13 21:33:00 | DEBUG | repo=course-sys-int-systems | action=edit | files=4
2025-03-21 08:16:00 | DEBUG | repo=course-sys-int-systems | action=commit
2025-05-11 18:58:00 | INFO | repo=course-sys-int-systems | action=commit
2025-12-16 13:26:00 | INFO | repo=course-sys-int-systems | action=commit
2025-05-17 18:56:00 | DEBUG | repo=course-sys-int-systems | action=commit
2025-11-01 17:32:00 | DEBUG | repo=course-sys-int-systems | action=commit
2025-05-26 16:15:00 | WARN | repo=course-sys-int-systems | action=edit | files=5
2025-01-15 12:32:00 | WARN | repo=course-sys-int-systems | action=commit
2025-01-17 21:19:00 | INFO | repo=course-sys-int-systems | action=commit
2025-08-11 14:23:00 | INFO | repo=course-sys-int-systems | action=commit
2025-03-21 08:39:00 | INFO | repo=course-sys-int-systems | action=commit
2025-02-11 08:32:00 | WARN | repo=course-sys-int-systems | action=edit | files=1
2025-02-13 16:17:00 | INFO | repo=course-sys-int-systems | action=test | passed=true
2025-08-06 21:46:00 | INFO | repo=course-sys-int-systems | action=commit
2025-05-18 18:01:00 | DEBUG | repo=course-sys-int-systems | action=commit
